
=== Sat Feb 15 00:05:29 2025

Packages were changed.
Update Mode: updateDependencies

The following packages were added:
  com.unity.modules.accessibility@1.0.0
  com.unity.multiplayer.center@1.0.0
The following packages were updated:
  com.unity.ai.navigation from version 1.1.5 to 2.0.5
  com.unity.collab-proxy from version 2.2.0 to 2.6.0
  com.unity.ide.rider from version 3.0.27 to 3.0.31
  com.unity.render-pipelines.universal from version 14.0.8 to 17.0.3
  com.unity.test-framework from version 1.1.33 to 1.4.5
  com.unity.timeline from version 1.7.6 to 1.8.7
  com.unity.ugui from version 1.0.0 to 2.0.0
  com.unity.visualscripting from version 1.9.1 to 1.9.5
  com.unity.xr.interaction.toolkit from version 2.5.2 to 3.0.7
  com.unity.xr.management from version 4.4.1 to 4.5.0
  com.unity.xr.openxr from version 1.10.0 to 1.14.0
The following packages were removed:
  com.unity.textmeshpro@3.0.8
